<?xml version="1.0" encoding="UTF-8"?>
<!-- Generated by org.testng.reporters.JUnitReportReporter -->
<testsuite hostname="Lenovo-PC" name="in.amazon.selenium.testcases.TC001" tests="1" failures="0" timestamp="11 Aug 2019 01:30:09 GMT" time="29.092" errors="0">
  <testcase name="TC001" time="29.092" classname="in.amazon.selenium.testcases.TC001"/>
</testsuite> <!-- in.amazon.selenium.testcases.TC001 -->
