<?xml version="1.0" encoding="UTF-8"?>
<!-- Generated by org.testng.reporters.JUnitReportReporter -->
<testsuite name="in.amazon.selenium.testcases.TC003" tests="1" time="0.076" ignored="0" failures="0" timestamp="12 Aug 2019 01:31:06 GMT" skipped="0" hostname="Lenovo-PC" errors="0">
  <testcase name="TC003" time="0.076" classname="in.amazon.selenium.testcases.TC003"/>
</testsuite> <!-- in.amazon.selenium.testcases.TC003 -->
